-- Found ament_cmake: 2.5.3 (/opt/ros/jazzy/share/ament_cmake/cmake)
-- Found rclcpp: 28.1.8 (/opt/ros/jazzy/share/rclcpp/cmake)
-- Found rosidl_generator_c: 4.6.5 (/opt/ros/jazzy/share/rosidl_generator_c/cmake)
-- Found rosidl_generator_cpp: 4.6.5 (/opt/ros/jazzy/share/rosidl_generator_cpp/cmake)
-- Using all available rosidl_typesupport_c: rosidl_typesupport_fastrtps_c;rosidl_typesupport_introspection_c
-- Using all available rosidl_typesupport_cpp: rosidl_typesupport_fastrtps_cpp;rosidl_typesupport_introspection_cpp
-- Found rmw_implementation_cmake: 7.3.2 (/opt/ros/jazzy/share/rmw_implementation_cmake/cmake)
-- Found rmw_fastrtps_cpp: 8.4.2 (/opt/ros/jazzy/share/rmw_fastrtps_cpp/cmake)
-- Using RMW implementation 'rmw_fastrtps_cpp' as default
-- Found potamon_interfaces: 0.0.0 (/home/jv4k/potamon_ws/src/install/potamon_interfaces/share/potamon_interfaces/cmake)
-- Found nav_msgs: 5.3.6 (/opt/ros/jazzy/share/nav_msgs/cmake)
-- Found sensor_msgs: 5.3.6 (/opt/ros/jazzy/share/sensor_msgs/cmake)
-- Found tf2: 0.36.9 (/opt/ros/jazzy/share/tf2/cmake)
-- Configuring done (0.8s)
-- Generating done (0.0s)
-- Build files have been written to: /home/jv4k/potamon_ws/src/build/potamon-rpi
[ 50%] [32mBuilding CXX object CMakeFiles/potamon_rpi.dir/src/potamon_control.cpp.o[0m
[01m[K/home/jv4k/potamon_ws/src/potamon-rpi/src/potamon_control.cpp:261:23:[m[K [01;31m[Kerror: [m[Kâ€˜[01m[Ksensor_msgs[m[Kâ€™ was not declared in this scope
  261 |     rclcpp::Publisher<[01;31m[Ksensor_msgs[m[K::msg::Imu>::SharedPtr imu_pub_;
      |                       [01;31m[K^~~~~~~~~~~[m[K
[01m[K/home/jv4k/potamon_ws/src/potamon-rpi/src/potamon_control.cpp:261:44:[m[K [01;31m[Kerror: [m[Ktemplate argument 1 is invalid
  261 |     rclcpp::Publisher<sensor_msgs::msg::Imu[01;31m[K>[m[K::SharedPtr imu_pub_;
      |                                            [01;31m[K^[m[K
[01m[K/home/jv4k/potamon_ws/src/potamon-rpi/src/potamon_control.cpp:261:47:[m[K [01;31m[Kerror: [m[Kexpected â€˜[01m[K;[m[Kâ€™ at end of member declaration
  261 |     rclcpp::Publisher<sensor_msgs::msg::Imu>::[01;31m[KSharedPtr[m[K imu_pub_;
      |                                               [01;31m[K^~~~~~~~~[m[K
      |                                                        [32m[K;[m[K
[01m[K/home/jv4k/potamon_ws/src/potamon-rpi/src/potamon_control.cpp:261:57:[m[K [01;31m[Kerror: [m[Kâ€˜[01m[Kimu_pub_[m[Kâ€™ does not name a type
  261 |     rclcpp::Publisher<sensor_msgs::msg::Imu>::SharedPtr [01;31m[Kimu_pub_[m[K;
      |                                                         [01;31m[K^~~~~~~~[m[K
[01m[K/home/jv4k/potamon_ws/src/potamon-rpi/src/potamon_control.cpp:[m[K In constructor â€˜[01m[KPotamonNode::[01;32m[KPotamonNode[m[K()[m[Kâ€™:
[01m[K/home/jv4k/potamon_ws/src/potamon-rpi/src/potamon_control.cpp:56:9:[m[K [01;31m[Kerror: [m[Kâ€˜[01m[Kimu_pub_[m[Kâ€™ was not declared in this scope
   56 |         [01;31m[Kimu_pub_[m[K = this->create_publisher<sensor_msgs::msg::Imu>(
      |         [01;31m[K^~~~~~~~[m[K
[01m[K/home/jv4k/potamon_ws/src/potamon-rpi/src/potamon_control.cpp:56:43:[m[K [01;31m[Kerror: [m[Kâ€˜[01m[Ksensor_msgs[m[Kâ€™ was not declared in this scope
   56 |         imu_pub_ = this->create_publisher<[01;31m[Ksensor_msgs[m[K::msg::Imu>(
      |                                           [01;31m[K^~~~~~~~~~~[m[K
[01m[K/home/jv4k/potamon_ws/src/potamon-rpi/src/potamon_control.cpp:56:26:[m[K [01;31m[Kerror: [m[Kparse error in template argument list
   56 |         imu_pub_ = this->[01;31m[Kcreate_publisher<sensor_msgs::msg::Imu>[m[K(
      |                          [01;31m[K^~~~~~~~~~~~~~~~~~~~~~~~~~~~~~~~~~~~~~~[m[K
[01m[K/home/jv4k/potamon_ws/src/potamon-rpi/src/potamon_control.cpp:56:65:[m[K [01;31m[Kerror: [m[Kno matching function for call to â€˜[01m[KPotamonNode::create_publisher<<expression error> >(const char [14], rclcpp::SensorDataQoS)[m[Kâ€™
   56 |         imu_pub_ = [01;31m[Kthis->create_publisher<sensor_msgs::msg::Imu>([m[K
      |                    [01;31m[K~~~~~~~~~~~~~~~~~~~~~~~~~~~~~~~~~~~~~~~~~~~~~^[m[K
   57 | [01;31m[K            "/feedback/imu",[m[K
      |             [01;31m[K~~~~~~~~~~~~~~~~[m[K                                     
   58 | [01;31m[K            rclcpp::SensorDataQoS())[m[K;
      |             [01;31m[K~~~~~~~~~~~~~~~~~~~~~~~~[m[K                             
In file included from [01m[K/opt/ros/jazzy/include/rclcpp/rclcpp/node.hpp:1663[m[K,
                 from [01m[K/opt/ros/jazzy/include/rclcpp/rclcpp/executors/single_threaded_executor.hpp:28[m[K,
                 from [01m[K/opt/ros/jazzy/include/rclcpp/rclcpp/executors.hpp:22[m[K,
                 from [01m[K/opt/ros/jazzy/include/rclcpp/rclcpp/rclcpp.hpp:172[m[K,
                 from [01m[K/home/jv4k/potamon_ws/src/potamon-rpi/src/potamon_control.cpp:1[m[K:
[01m[K/opt/ros/jazzy/include/rclcpp/rclcpp/node_impl.hpp:73:1:[m[K [01;36m[Knote: [m[Kcandidate: â€˜[01m[Ktemplate<class MessageT, class AllocatorT, class PublisherT> std::shared_ptr<PublisherT> rclcpp::Node::[01;32m[Kcreate_publisher[m[K(const std::string&, const rclcpp::QoS&, const rclcpp::PublisherOptionsWithAllocator<AllocatorT>&)[m[Kâ€™
   73 | [01;36m[KNode[m[K::create_publisher(
      | [01;36m[K^~~~[m[K
[01m[K/opt/ros/jazzy/include/rclcpp/rclcpp/node_impl.hpp:73:1:[m[K [01;36m[Knote: [m[K  template argument deduction/substitution failed:
[01m[K/home/jv4k/potamon_ws/src/potamon-rpi/src/potamon_control.cpp:56:65:[m[K [01;31m[Kerror: [m[Ktemplate argument 1 is invalid
   56 |         imu_pub_ = [01;31m[Kthis->create_publisher<sensor_msgs::msg::Imu>([m[K
      |                    [01;31m[K~~~~~~~~~~~~~~~~~~~~~~~~~~~~~~~~~~~~~~~~~~~~~^[m[K
   57 | [01;31m[K            "/feedback/imu",[m[K
      |             [01;31m[K~~~~~~~~~~~~~~~~[m[K                                     
   58 | [01;31m[K            rclcpp::SensorDataQoS())[m[K;
      |             [01;31m[K~~~~~~~~~~~~~~~~~~~~~~~~[m[K                             
[01m[K/home/jv4k/potamon_ws/src/potamon-rpi/src/potamon_control.cpp:[m[K In member function â€˜[01m[Kvoid PotamonNode::[01;32m[KcomLoop[m[K()[m[Kâ€™:
[01m[K/home/jv4k/potamon_ws/src/potamon-rpi/src/potamon_control.cpp:176:17:[m[K [01;31m[Kerror: [m[Kâ€˜[01m[Ktf2[m[Kâ€™ has not been declared
  176 |                 [01;31m[Ktf2[m[K::Quaternion q;
      |                 [01;31m[K^~~[m[K
[01m[K/home/jv4k/potamon_ws/src/potamon-rpi/src/potamon_control.cpp:177:17:[m[K [01;31m[Kerror: [m[Kâ€˜[01m[Kq[m[Kâ€™ was not declared in this scope
  177 |                 [01;31m[Kq[m[K.setRPY(
      |                 [01;31m[K^[m[K
[01m[K/home/jv4k/potamon_ws/src/potamon-rpi/src/potamon_control.cpp:180:43:[m[K [01;31m[Kerror: [m[Kexpected â€˜[01m[K)[m[Kâ€™ before â€˜[01m[K;[m[Kâ€™ token
  180 |                     ptmn_vcp_device.PHI_FB[01;31m[K;[m[K);
      |                                           [01;31m[K^[m[K
[01m[K/home/jv4k/potamon_ws/src/potamon-rpi/src/potamon_control.cpp:177:25:[m[K [01;36m[Knote: [m[Kto match this â€˜[01m[K([m[Kâ€™
  177 |                 q.setRPY[01;36m[K([m[K
      |                         [01;36m[K^[m[K
[01m[K/home/jv4k/potamon_ws/src/potamon-rpi/src/potamon_control.cpp:180:44:[m[K [01;31m[Kerror: [m[Kexpected primary-expression before â€˜[01m[K)[m[Kâ€™ token
  180 |                     ptmn_vcp_device.PHI_FB;[01;31m[K)[m[K;
      |                                            [01;31m[K^[m[K
[01m[K/home/jv4k/potamon_ws/src/potamon-rpi/src/potamon_control.cpp:194:32:[m[K [01;31m[Kerror: [m[Kâ€˜[01m[Ksensor_msgs[m[Kâ€™ has not been declared
  194 |                 auto imu_msg = [01;31m[Ksensor_msgs[m[K::msg::Imu();
      |                                [01;31m[K^~~~~~~~~~~[m[K
gmake[2]: *** [CMakeFiles/potamon_rpi.dir/build.make:76: CMakeFiles/potamon_rpi.dir/src/potamon_control.cpp.o] Error 1
gmake[1]: *** [CMakeFiles/Makefile2:137: CMakeFiles/potamon_rpi.dir/all] Error 2
gmake: *** [Makefile:146: all] Error 2
