[0.018s] Invoking command in '/home/jv4k/potamon_ws/src/build/potamon-rpi': CMAKE_PREFIX_PATH=${CMAKE_PREFIX_PATH}:/opt/ros/jazzy DEBUGINFOD_URLS=https://debuginfod.ubuntu.com /usr/bin/cmake --build /home/jv4k/potamon_ws/src/build/potamon-rpi -- -j12 -l12
[0.048s] -- Found ament_cmake: 2.5.3 (/opt/ros/jazzy/share/ament_cmake/cmake)
[0.320s] -- Found rclcpp: 28.1.8 (/opt/ros/jazzy/share/rclcpp/cmake)
[0.367s] -- Found rosidl_generator_c: 4.6.5 (/opt/ros/jazzy/share/rosidl_generator_c/cmake)
[0.377s] -- Found rosidl_generator_cpp: 4.6.5 (/opt/ros/jazzy/share/rosidl_generator_cpp/cmake)
[0.389s] -- Using all available rosidl_typesupport_c: rosidl_typesupport_fastrtps_c;rosidl_typesupport_introspection_c
[0.403s] -- Using all available rosidl_typesupport_cpp: rosidl_typesupport_fastrtps_cpp;rosidl_typesupport_introspection_cpp
[0.468s] -- Found rmw_implementation_cmake: 7.3.2 (/opt/ros/jazzy/share/rmw_implementation_cmake/cmake)
[0.469s] -- Found rmw_fastrtps_cpp: 8.4.2 (/opt/ros/jazzy/share/rmw_fastrtps_cpp/cmake)
[0.545s] -- Using RMW implementation 'rmw_fastrtps_cpp' as default
[0.615s] -- Found potamon_interfaces: 0.0.0 (/home/jv4k/potamon_ws/src/install/potamon_interfaces/share/potamon_interfaces/cmake)
[0.631s] -- Found nav_msgs: 5.3.6 (/opt/ros/jazzy/share/nav_msgs/cmake)
[0.692s] -- Found sensor_msgs: 5.3.6 (/opt/ros/jazzy/share/sensor_msgs/cmake)
[0.717s] -- Found tf2: 0.36.9 (/opt/ros/jazzy/share/tf2/cmake)
[0.829s] -- Configuring done (0.8s)
[0.844s] -- Generating done (0.0s)
[0.849s] -- Build files have been written to: /home/jv4k/potamon_ws/src/build/potamon-rpi
[0.941s] [ 50%] [32mBuilding CXX object CMakeFiles/potamon_rpi.dir/src/potamon_control.cpp.o[0m
[3.174s] [01m[K/home/jv4k/potamon_ws/src/potamon-rpi/src/potamon_control.cpp:40:27:[m[K [01;31m[Kerror: [m[Kâ€˜[01m[KSTANDBY[m[Kâ€™ was not declared in this scope
[3.174s]    40 | VCP_mode_cmd_t mid_mode = [01;31m[KSTANDBY[m[K;
[3.174s]       |                           [01;31m[K^~~~~~~[m[K
[3.214s] [01m[K/home/jv4k/potamon_ws/src/potamon-rpi/src/potamon_control.cpp:[m[K In constructor â€˜[01m[KPotamonNode::[01;32m[KPotamonNode[m[K()[m[Kâ€™:
[3.214s] [01m[K/home/jv4k/potamon_ws/src/potamon-rpi/src/potamon_control.cpp:71:37:[m[K [01;31m[Kerror: [m[Kâ€˜[01m[KvelocityCallback[m[Kâ€™ is not a member of â€˜[01m[KPotamonNode[m[Kâ€™
[3.214s]    71 |             std::bind(&PotamonNode::[01;31m[KvelocityCallback[m[K, this, std::placeholders::_1));
[3.214s]       |                                     [01;31m[K^~~~~~~~~~~~~~~~[m[K
[3.214s] [01m[K/home/jv4k/potamon_ws/src/potamon-rpi/src/potamon_control.cpp:76:37:[m[K [01;31m[Kerror: [m[Kâ€˜[01m[KwheelVelocityCallback[m[Kâ€™ is not a member of â€˜[01m[KPotamonNode[m[Kâ€™
[3.215s]    76 |             std::bind(&PotamonNode::[01;31m[KwheelVelocityCallback[m[K, this, std::placeholders::_1));
[3.215s]       |                                     [01;31m[K^~~~~~~~~~~~~~~~~~~~~[m[K
[3.220s] [01m[K/home/jv4k/potamon_ws/src/potamon-rpi/src/potamon_control.cpp:79:9:[m[K [01;31m[Kerror: [m[Kâ€˜[01m[Kwheel_ang_cmd_sub[m[Kâ€™ was not declared in this scope; did you mean â€˜[01m[Kwheel_vel_cmd_sub[m[Kâ€™?
[3.221s]    79 |         [01;31m[Kwheel_ang_cmd_sub[m[K = this->create_subscription<potamon_interfaces::msg::WheelAngles>(
[3.221s]       |         [01;31m[K^~~~~~~~~~~~~~~~~[m[K
[3.221s]       |         [32m[Kwheel_vel_cmd_sub[m[K
[3.221s] [01m[K/home/jv4k/potamon_ws/src/potamon-rpi/src/potamon_control.cpp:82:37:[m[K [01;31m[Kerror: [m[Kâ€˜[01m[KwheelAngleCallback[m[Kâ€™ is not a member of â€˜[01m[KPotamonNode[m[Kâ€™
[3.221s]    82 |             std::bind(&PotamonNode::[01;31m[KwheelAngleCallback[m[K, this, std::placeholders::_1));
[3.222s]       |                                     [01;31m[K^~~~~~~~~~~~~~~~~~[m[K
[3.228s] [01m[K/home/jv4k/potamon_ws/src/potamon-rpi/src/potamon_control.cpp:84:9:[m[K [01;31m[Kerror: [m[Kâ€˜[01m[Kheartbeat_sub[m[Kâ€™ was not declared in this scope
[3.228s]    84 |         [01;31m[Kheartbeat_sub[m[K = this->create_subscription<std_msgs::msg::Empty>(
[3.229s]       |         [01;31m[K^~~~~~~~~~~~~[m[K
[3.229s] [01m[K/home/jv4k/potamon_ws/src/potamon-rpi/src/potamon_control.cpp:84:66:[m[K [01;31m[Kerror: [m[Kâ€˜[01m[KEmpty[m[Kâ€™ is not a member of â€˜[01m[Kstd_msgs::msg[m[Kâ€™; did you mean â€˜[01m[Krclcpp::Empty[m[Kâ€™?
[3.229s]    84 |         heartbeat_sub = this->create_subscription<std_msgs::msg::[01;31m[KEmpty[m[K>(
[3.230s]       |                                                                  [01;31m[K^~~~~[m[K
[3.230s] In file included from [01m[K/opt/ros/jazzy/include/rclcpp/rclcpp/wait_result.hpp:28[m[K,
[3.230s]                  from [01m[K/opt/ros/jazzy/include/rclcpp/rclcpp/executors/executor_entities_collection.hpp:28[m[K,
[3.230s]                  from [01m[K/opt/ros/jazzy/include/rclcpp/rclcpp/executor.hpp:39[m[K,
[3.230s]                  from [01m[K/opt/ros/jazzy/include/rclcpp/rclcpp/executors/multi_threaded_executor.hpp:25[m[K,
[3.231s]                  from [01m[K/opt/ros/jazzy/include/rclcpp/rclcpp/executors.hpp:21[m[K,
[3.231s]                  from [01m[K/opt/ros/jazzy/include/rclcpp/rclcpp/rclcpp.hpp:172[m[K,
[3.231s]                  from [01m[K/home/jv4k/potamon_ws/src/potamon-rpi/src/potamon_control.cpp:1[m[K:
[3.232s] [01m[K/opt/ros/jazzy/include/rclcpp/rclcpp/wait_result_kind.hpp:28:3:[m[K [01;36m[Knote: [m[Kâ€˜[01m[Krclcpp::Empty[m[Kâ€™ declared here
[3.232s]    28 |   [01;36m[KEmpty[m[K,  //<! Kind used when trying to wait on an empty wait set.
[3.232s]       |   [01;36m[K^~~~~[m[K
[3.232s] [01m[K/home/jv4k/potamon_ws/src/potamon-rpi/src/potamon_control.cpp:87:37:[m[K [01;31m[Kerror: [m[Kâ€˜[01m[KheartbeatCallback[m[Kâ€™ is not a member of â€˜[01m[KPotamonNode[m[Kâ€™
[3.232s]    87 |             std::bind(&PotamonNode::[01;31m[KheartbeatCallback[m[K, this, std::placeholders::_1));
[3.233s]       |                                     [01;31m[K^~~~~~~~~~~~~~~~~[m[K
[5.011s] gmake[2]: *** [CMakeFiles/potamon_rpi.dir/build.make:76: CMakeFiles/potamon_rpi.dir/src/potamon_control.cpp.o] Error 1
[5.012s] gmake[1]: *** [CMakeFiles/Makefile2:137: CMakeFiles/potamon_rpi.dir/all] Error 2
[5.012s] gmake: *** [Makefile:146: all] Error 2
[5.019s] Invoked command in '/home/jv4k/potamon_ws/src/build/potamon-rpi' returned '2': CMAKE_PREFIX_PATH=${CMAKE_PREFIX_PATH}:/opt/ros/jazzy DEBUGINFOD_URLS=https://debuginfod.ubuntu.com /usr/bin/cmake --build /home/jv4k/potamon_ws/src/build/potamon-rpi -- -j12 -l12
