[0.012s] Invoking command in '/home/jv4k/potamon_ws/src/build/potamon-rpi': CMAKE_PREFIX_PATH=${CMAKE_PREFIX_PATH}:/opt/ros/jazzy DEBUGINFOD_URLS=https://debuginfod.ubuntu.com /usr/bin/cmake --build /home/jv4k/potamon_ws/src/build/potamon-rpi -- -j12 -l12
[0.086s] [ 50%] [32mBuilding CXX object CMakeFiles/potamon_rpi.dir/src/potamon_control.cpp.o[0m
[2.136s] [01m[K/home/jv4k/potamon_ws/src/potamon-rpi/src/potamon_control.cpp:[m[K In member function â€˜[01m[Kvoid PotamonNode::[01;32m[KcomLoop[m[K()[m[Kâ€™:
[2.136s] [01m[K/home/jv4k/potamon_ws/src/potamon-rpi/src/potamon_control.cpp:112:13:[m[K [01;31m[Kerror: [m[Kâ€˜[01m[Khost_packet[m[Kâ€™ was not declared in this scope
[2.136s]   112 |             [01;31m[Khost_packet[m[K.MODE = 1; // Example command
[2.136s]       |             [01;31m[K^~~~~~~~~~~[m[K
[3.042s] gmake[2]: *** [CMakeFiles/potamon_rpi.dir/build.make:76: CMakeFiles/potamon_rpi.dir/src/potamon_control.cpp.o] Error 1
[3.042s] gmake[1]: *** [CMakeFiles/Makefile2:137: CMakeFiles/potamon_rpi.dir/all] Error 2
[3.043s] gmake: *** [Makefile:146: all] Error 2
[3.045s] Invoked command in '/home/jv4k/potamon_ws/src/build/potamon-rpi' returned '2': CMAKE_PREFIX_PATH=${CMAKE_PREFIX_PATH}:/opt/ros/jazzy DEBUGINFOD_URLS=https://debuginfod.ubuntu.com /usr/bin/cmake --build /home/jv4k/potamon_ws/src/build/potamon-rpi -- -j12 -l12
