[01m[K/home/jv4k/potamon_ws/src/potamon-rpi/src/potamon_control.cpp:188:23:[m[K [01;31m[Kerror: [m[Kâ€˜[01m[Kpotamon_rpi[m[Kâ€™ was not declared in this scope
  188 |     rclcpp::Publisher<[01;31m[Kpotamon_rpi[m[K::msg::WheelStates>::SharedPtr wheel_state_pub;
      |                       [01;31m[K^~~~~~~~~~~[m[K
[01m[K/home/jv4k/potamon_ws/src/potamon-rpi/src/potamon_control.cpp:188:52:[m[K [01;31m[Kerror: [m[Ktemplate argument 1 is invalid
  188 |     rclcpp::Publisher<potamon_rpi::msg::WheelStates[01;31m[K>[m[K::SharedPtr wheel_state_pub;
      |                                                    [01;31m[K^[m[K
[01m[K/home/jv4k/potamon_ws/src/potamon-rpi/src/potamon_control.cpp:188:55:[m[K [01;31m[Kerror: [m[Kexpected â€˜[01m[K;[m[Kâ€™ at end of member declaration
  188 |     rclcpp::Publisher<potamon_rpi::msg::WheelStates>::[01;31m[KSharedPtr[m[K wheel_state_pub;
      |                                                       [01;31m[K^~~~~~~~~[m[K
      |                                                                [32m[K;[m[K
[01m[K/home/jv4k/potamon_ws/src/potamon-rpi/src/potamon_control.cpp:188:65:[m[K [01;31m[Kerror: [m[Kâ€˜[01m[Kwheel_state_pub[m[Kâ€™ does not name a type
  188 |     rclcpp::Publisher<potamon_rpi::msg::WheelStates>::SharedPtr [01;31m[Kwheel_state_pub[m[K;
      |                                                                 [01;31m[K^~~~~~~~~~~~~~~[m[K
[01m[K/home/jv4k/potamon_ws/src/potamon-rpi/src/potamon_control.cpp:[m[K In constructor â€˜[01m[KPotamonNode::[01;32m[KPotamonNode[m[K()[m[Kâ€™:
[01m[K/home/jv4k/potamon_ws/src/potamon-rpi/src/potamon_control.cpp:42:9:[m[K [01;31m[Kerror: [m[Kâ€˜[01m[Kwheel_state_pub[m[Kâ€™ was not declared in this scope
   42 |         [01;31m[Kwheel_state_pub[m[K = this->create_publisher<potamon_rpi::msg::WheelStates>(
      |         [01;31m[K^~~~~~~~~~~~~~~[m[K
[01m[K/home/jv4k/potamon_ws/src/potamon-rpi/src/potamon_control.cpp:42:50:[m[K [01;31m[Kerror: [m[Kâ€˜[01m[Kpotamon_rpi[m[Kâ€™ was not declared in this scope
   42 |         wheel_state_pub = this->create_publisher<[01;31m[Kpotamon_rpi[m[K::msg::WheelStates>(
      |                                                  [01;31m[K^~~~~~~~~~~[m[K
[01m[K/home/jv4k/potamon_ws/src/potamon-rpi/src/potamon_control.cpp:42:33:[m[K [01;31m[Kerror: [m[Kparse error in template argument list
   42 |         wheel_state_pub = this->[01;31m[Kcreate_publisher<potamon_rpi::msg::WheelStates>[m[K(
      |                                 [01;31m[K^~~~~~~~~~~~~~~~~~~~~~~~~~~~~~~~~~~~~~~~~~~~~~~[m[K
[01m[K/home/jv4k/potamon_ws/src/potamon-rpi/src/potamon_control.cpp:42:80:[m[K [01;31m[Kerror: [m[Kno matching function for call to â€˜[01m[KPotamonNode::create_publisher<<expression error> >(const char [13], int)[m[Kâ€™
   42 |         wheel_state_pub = [01;31m[Kthis->create_publisher<potamon_rpi::msg::WheelStates>([m[K
      |                           [01;31m[K~~~~~~~~~~~~~~~~~~~~~~~~~~~~~~~~~~~~~~~~~~~~~~~~~~~~~^[m[K
   43 | [01;31m[K            "wheel_states", 10)[m[K;
      |             [01;31m[K~~~~~~~~~~~~~~~~~~~[m[K                                                 
In file included from [01m[K/opt/ros/jazzy/include/rclcpp/rclcpp/executors/single_threaded_executor.hpp:28[m[K,
                 from [01m[K/opt/ros/jazzy/include/rclcpp/rclcpp/executors.hpp:22[m[K,
                 from [01m[K/opt/ros/jazzy/include/rclcpp/rclcpp/rclcpp.hpp:172[m[K,
                 from [01m[K/home/jv4k/potamon_ws/src/potamon-rpi/src/potamon_control.cpp:1[m[K:
[01m[K/opt/ros/jazzy/include/rclcpp/rclcpp/node.hpp:197:3:[m[K [01;36m[Knote: [m[Kcandidate: â€˜[01m[Ktemplate<class MessageT, class AllocatorT, class PublisherT> std::shared_ptr<PublisherT> rclcpp::Node::[01;32m[Kcreate_publisher[m[K(const std::string&, const rclcpp::QoS&, const rclcpp::PublisherOptionsWithAllocator<AllocatorT>&)[m[Kâ€™
  197 |   [01;36m[Kcreate_publisher[m[K(
      |   [01;36m[K^~~~~~~~~~~~~~~~[m[K
[01m[K/opt/ros/jazzy/include/rclcpp/rclcpp/node.hpp:197:3:[m[K [01;36m[Knote: [m[K  template argument deduction/substitution failed:
[01m[K/home/jv4k/potamon_ws/src/potamon-rpi/src/potamon_control.cpp:42:80:[m[K [01;31m[Kerror: [m[Ktemplate argument 1 is invalid
   42 |         wheel_state_pub = [01;31m[Kthis->create_publisher<potamon_rpi::msg::WheelStates>([m[K
      |                           [01;31m[K~~~~~~~~~~~~~~~~~~~~~~~~~~~~~~~~~~~~~~~~~~~~~~~~~~~~~^[m[K
   43 | [01;31m[K            "wheel_states", 10)[m[K;
      |             [01;31m[K~~~~~~~~~~~~~~~~~~~[m[K                                                 
[01m[K/home/jv4k/potamon_ws/src/potamon-rpi/src/potamon_control.cpp:[m[K In member function â€˜[01m[Kvoid PotamonNode::[01;32m[KcomLoop[m[K()[m[Kâ€™:
[01m[K/home/jv4k/potamon_ws/src/potamon-rpi/src/potamon_control.cpp:143:38:[m[K [01;31m[Kerror: [m[Kâ€˜[01m[Kpotamon_rpi[m[Kâ€™ has not been declared
  143 |                 auto wh_states_msg = [01;31m[Kpotamon_rpi[m[K::msg::WheelStates();
      |                                      [01;31m[K^~~~~~~~~~~[m[K
[01m[K/home/jv4k/potamon_ws/src/potamon-rpi/src/potamon_control.cpp:159:17:[m[K [01;31m[Kerror: [m[Kâ€˜[01m[Kwheel_state_pub[m[Kâ€™ was not declared in this scope
  159 |                 [01;31m[Kwheel_state_pub[m[K->publish(wh_states_msg);
      |                 [01;31m[K^~~~~~~~~~~~~~~[m[K
[01m[K/home/jv4k/potamon_ws/src/potamon-rpi/src/potamon_control.cpp:131:31:[m[K [01;35m[Kwarning: [m[Kunused variable â€˜[01m[Kdevice_packet[m[Kâ€™ [[01;35m[K]8;;https://gcc.gnu.org/onlinedocs/gcc/Warning-Options.html#index-Wunused-variable-Wunused-variable]8;;[m[K]
  131 |             ptmn_usb_device_t [01;35m[Kdevice_packet[m[K{};
      |                               [01;35m[K^~~~~~~~~~~~~[m[K
gmake[2]: *** [CMakeFiles/potamon_rpi.dir/build.make:76: CMakeFiles/potamon_rpi.dir/src/potamon_control.cpp.o] Error 1
gmake[1]: *** [CMakeFiles/Makefile2:137: CMakeFiles/potamon_rpi.dir/all] Error 2
gmake: *** [Makefile:146: all] Error 2
