[0.023s] Invoking command in '/home/jv4k/potamon_ws/src/build/potamon-rpi': CMAKE_PREFIX_PATH=${CMAKE_PREFIX_PATH}:/opt/ros/jazzy DEBUGINFOD_URLS=https://debuginfod.ubuntu.com /usr/bin/cmake --build /home/jv4k/potamon_ws/src/build/potamon-rpi -- -j12 -l12
[0.062s] -- Found ament_cmake: 2.5.3 (/opt/ros/jazzy/share/ament_cmake/cmake)
[0.318s] -- Found rclcpp: 28.1.8 (/opt/ros/jazzy/share/rclcpp/cmake)
[0.348s] -- Found rosidl_generator_c: 4.6.5 (/opt/ros/jazzy/share/rosidl_generator_c/cmake)
[0.357s] -- Found rosidl_generator_cpp: 4.6.5 (/opt/ros/jazzy/share/rosidl_generator_cpp/cmake)
[0.369s] -- Using all available rosidl_typesupport_c: rosidl_typesupport_fastrtps_c;rosidl_typesupport_introspection_c
[0.384s] -- Using all available rosidl_typesupport_cpp: rosidl_typesupport_fastrtps_cpp;rosidl_typesupport_introspection_cpp
[0.449s] -- Found rmw_implementation_cmake: 7.3.2 (/opt/ros/jazzy/share/rmw_implementation_cmake/cmake)
[0.450s] -- Found rmw_fastrtps_cpp: 8.4.2 (/opt/ros/jazzy/share/rmw_fastrtps_cpp/cmake)
[0.523s] -- Using RMW implementation 'rmw_fastrtps_cpp' as default
[0.589s] -- Found potamon_interfaces: 0.0.0 (/home/jv4k/potamon_ws/src/install/potamon_interfaces/share/potamon_interfaces/cmake)
[0.694s] -- Configuring done (0.6s)
[0.706s] -- Generating done (0.0s)
[0.711s] -- Build files have been written to: /home/jv4k/potamon_ws/src/build/potamon-rpi
[0.764s] [ 50%] [32mBuilding CXX object CMakeFiles/potamon_rpi.dir/src/potamon_control.cpp.o[0m
[2.814s] [01m[K/home/jv4k/potamon_ws/src/potamon-rpi/src/potamon_control.cpp:188:23:[m[K [01;31m[Kerror: [m[Kâ€˜[01m[Kpotamon_rpi[m[Kâ€™ was not declared in this scope
[2.815s]   188 |     rclcpp::Publisher<[01;31m[Kpotamon_rpi[m[K::msg::WheelStates>::SharedPtr wheel_state_pub;
[2.815s]       |                       [01;31m[K^~~~~~~~~~~[m[K
[2.815s] [01m[K/home/jv4k/potamon_ws/src/potamon-rpi/src/potamon_control.cpp:188:52:[m[K [01;31m[Kerror: [m[Ktemplate argument 1 is invalid
[2.815s]   188 |     rclcpp::Publisher<potamon_rpi::msg::WheelStates[01;31m[K>[m[K::SharedPtr wheel_state_pub;
[2.815s]       |                                                    [01;31m[K^[m[K
[2.816s] [01m[K/home/jv4k/potamon_ws/src/potamon-rpi/src/potamon_control.cpp:188:55:[m[K [01;31m[Kerror: [m[Kexpected â€˜[01m[K;[m[Kâ€™ at end of member declaration
[2.816s]   188 |     rclcpp::Publisher<potamon_rpi::msg::WheelStates>::[01;31m[KSharedPtr[m[K wheel_state_pub;
[2.816s]       |                                                       [01;31m[K^~~~~~~~~[m[K
[2.816s]       |                                                                [32m[K;[m[K
[2.818s] [01m[K/home/jv4k/potamon_ws/src/potamon-rpi/src/potamon_control.cpp:188:65:[m[K [01;31m[Kerror: [m[Kâ€˜[01m[Kwheel_state_pub[m[Kâ€™ does not name a type
[2.818s]   188 |     rclcpp::Publisher<potamon_rpi::msg::WheelStates>::SharedPtr [01;31m[Kwheel_state_pub[m[K;
[2.818s]       |                                                                 [01;31m[K^~~~~~~~~~~~~~~[m[K
[2.827s] [01m[K/home/jv4k/potamon_ws/src/potamon-rpi/src/potamon_control.cpp:[m[K In constructor â€˜[01m[KPotamonNode::[01;32m[KPotamonNode[m[K()[m[Kâ€™:
[2.828s] [01m[K/home/jv4k/potamon_ws/src/potamon-rpi/src/potamon_control.cpp:42:9:[m[K [01;31m[Kerror: [m[Kâ€˜[01m[Kwheel_state_pub[m[Kâ€™ was not declared in this scope
[2.828s]    42 |         [01;31m[Kwheel_state_pub[m[K = this->create_publisher<potamon_rpi::msg::WheelStates>(
[2.828s]       |         [01;31m[K^~~~~~~~~~~~~~~[m[K
[2.835s] [01m[K/home/jv4k/potamon_ws/src/potamon-rpi/src/potamon_control.cpp:42:50:[m[K [01;31m[Kerror: [m[Kâ€˜[01m[Kpotamon_rpi[m[Kâ€™ was not declared in this scope
[2.835s]    42 |         wheel_state_pub = this->create_publisher<[01;31m[Kpotamon_rpi[m[K::msg::WheelStates>(
[2.835s]       |                                                  [01;31m[K^~~~~~~~~~~[m[K
[2.835s] [01m[K/home/jv4k/potamon_ws/src/potamon-rpi/src/potamon_control.cpp:42:33:[m[K [01;31m[Kerror: [m[Kparse error in template argument list
[2.835s]    42 |         wheel_state_pub = this->[01;31m[Kcreate_publisher<potamon_rpi::msg::WheelStates>[m[K(
[2.835s]       |                                 [01;31m[K^~~~~~~~~~~~~~~~~~~~~~~~~~~~~~~~~~~~~~~~~~~~~~~[m[K
[2.836s] [01m[K/home/jv4k/potamon_ws/src/potamon-rpi/src/potamon_control.cpp:42:80:[m[K [01;31m[Kerror: [m[Kno matching function for call to â€˜[01m[KPotamonNode::create_publisher<<expression error> >(const char [13], int)[m[Kâ€™
[2.836s]    42 |         wheel_state_pub = [01;31m[Kthis->create_publisher<potamon_rpi::msg::WheelStates>([m[K
[2.836s]       |                           [01;31m[K~~~~~~~~~~~~~~~~~~~~~~~~~~~~~~~~~~~~~~~~~~~~~~~~~~~~~^[m[K
[2.836s]    43 | [01;31m[K            "wheel_states", 10)[m[K;
[2.836s]       |             [01;31m[K~~~~~~~~~~~~~~~~~~~[m[K                                                 
[2.837s] In file included from [01m[K/opt/ros/jazzy/include/rclcpp/rclcpp/executors/single_threaded_executor.hpp:28[m[K,
[2.837s]                  from [01m[K/opt/ros/jazzy/include/rclcpp/rclcpp/executors.hpp:22[m[K,
[2.837s]                  from [01m[K/opt/ros/jazzy/include/rclcpp/rclcpp/rclcpp.hpp:172[m[K,
[2.837s]                  from [01m[K/home/jv4k/potamon_ws/src/potamon-rpi/src/potamon_control.cpp:1[m[K:
[2.837s] [01m[K/opt/ros/jazzy/include/rclcpp/rclcpp/node.hpp:197:3:[m[K [01;36m[Knote: [m[Kcandidate: â€˜[01m[Ktemplate<class MessageT, class AllocatorT, class PublisherT> std::shared_ptr<PublisherT> rclcpp::Node::[01;32m[Kcreate_publisher[m[K(const std::string&, const rclcpp::QoS&, const rclcpp::PublisherOptionsWithAllocator<AllocatorT>&)[m[Kâ€™
[2.837s]   197 |   [01;36m[Kcreate_publisher[m[K(
[2.838s]       |   [01;36m[K^~~~~~~~~~~~~~~~[m[K
[2.838s] [01m[K/opt/ros/jazzy/include/rclcpp/rclcpp/node.hpp:197:3:[m[K [01;36m[Knote: [m[K  template argument deduction/substitution failed:
[2.838s] [01m[K/home/jv4k/potamon_ws/src/potamon-rpi/src/potamon_control.cpp:42:80:[m[K [01;31m[Kerror: [m[Ktemplate argument 1 is invalid
[2.838s]    42 |         wheel_state_pub = [01;31m[Kthis->create_publisher<potamon_rpi::msg::WheelStates>([m[K
[2.838s]       |                           [01;31m[K~~~~~~~~~~~~~~~~~~~~~~~~~~~~~~~~~~~~~~~~~~~~~~~~~~~~~^[m[K
[2.838s]    43 | [01;31m[K            "wheel_states", 10)[m[K;
[2.839s]       |             [01;31m[K~~~~~~~~~~~~~~~~~~~[m[K                                                 
[2.839s] [01m[K/home/jv4k/potamon_ws/src/potamon-rpi/src/potamon_control.cpp:[m[K In member function â€˜[01m[Kvoid PotamonNode::[01;32m[KcomLoop[m[K()[m[Kâ€™:
[2.839s] [01m[K/home/jv4k/potamon_ws/src/potamon-rpi/src/potamon_control.cpp:143:38:[m[K [01;31m[Kerror: [m[Kâ€˜[01m[Kpotamon_rpi[m[Kâ€™ has not been declared
[2.839s]   143 |                 auto wh_states_msg = [01;31m[Kpotamon_rpi[m[K::msg::WheelStates();
[2.839s]       |                                      [01;31m[K^~~~~~~~~~~[m[K
[2.847s] [01m[K/home/jv4k/potamon_ws/src/potamon-rpi/src/potamon_control.cpp:159:17:[m[K [01;31m[Kerror: [m[Kâ€˜[01m[Kwheel_state_pub[m[Kâ€™ was not declared in this scope
[2.847s]   159 |                 [01;31m[Kwheel_state_pub[m[K->publish(wh_states_msg);
[2.848s]       |                 [01;31m[K^~~~~~~~~~~~~~~[m[K
[2.848s] [01m[K/home/jv4k/potamon_ws/src/potamon-rpi/src/potamon_control.cpp:131:31:[m[K [01;35m[Kwarning: [m[Kunused variable â€˜[01m[Kdevice_packet[m[Kâ€™ [[01;35m[K]8;;https://gcc.gnu.org/onlinedocs/gcc/Warning-Options.html#index-Wunused-variable-Wunused-variable]8;;[m[K]
[2.848s]   131 |             ptmn_usb_device_t [01;35m[Kdevice_packet[m[K{};
[2.848s]       |                               [01;35m[K^~~~~~~~~~~~~[m[K
[3.453s] gmake[2]: *** [CMakeFiles/potamon_rpi.dir/build.make:76: CMakeFiles/potamon_rpi.dir/src/potamon_control.cpp.o] Error 1
[3.453s] gmake[1]: *** [CMakeFiles/Makefile2:137: CMakeFiles/potamon_rpi.dir/all] Error 2
[3.454s] gmake: *** [Makefile:146: all] Error 2
[3.458s] Invoked command in '/home/jv4k/potamon_ws/src/build/potamon-rpi' returned '2': CMAKE_PREFIX_PATH=${CMAKE_PREFIX_PATH}:/opt/ros/jazzy DEBUGINFOD_URLS=https://debuginfod.ubuntu.com /usr/bin/cmake --build /home/jv4k/potamon_ws/src/build/potamon-rpi -- -j12 -l12
