[ 50%] [32mBuilding CXX object CMakeFiles/potamon_rpi.dir/src/potamon_control.cpp.o[0m
[01m[K/home/jv4k/potamon_ws/src/potamon-rpi/src/potamon_control.cpp:187:23:[m[K [01;31m[Kerror: [m[Kâ€˜[01m[Kpotamon_rpi[m[Kâ€™ was not declared in this scope
  187 |     rclcpp::Publisher<[01;31m[Kpotamon_rpi[m[K::msg::WheelStates>::SharedPtr wheel_state_pub;
      |                       [01;31m[K^~~~~~~~~~~[m[K
[01m[K/home/jv4k/potamon_ws/src/potamon-rpi/src/potamon_control.cpp:187:52:[m[K [01;31m[Kerror: [m[Ktemplate argument 1 is invalid
  187 |     rclcpp::Publisher<potamon_rpi::msg::WheelStates[01;31m[K>[m[K::SharedPtr wheel_state_pub;
      |                                                    [01;31m[K^[m[K
[01m[K/home/jv4k/potamon_ws/src/potamon-rpi/src/potamon_control.cpp:187:55:[m[K [01;31m[Kerror: [m[Kexpected â€˜[01m[K;[m[Kâ€™ at end of member declaration
  187 |     rclcpp::Publisher<potamon_rpi::msg::WheelStates>::[01;31m[KSharedPtr[m[K wheel_state_pub;
      |                                                       [01;31m[K^~~~~~~~~[m[K
      |                                                                [32m[K;[m[K
[01m[K/home/jv4k/potamon_ws/src/potamon-rpi/src/potamon_control.cpp:187:65:[m[K [01;31m[Kerror: [m[Kâ€˜[01m[Kwheel_state_pub[m[Kâ€™ does not name a type
  187 |     rclcpp::Publisher<potamon_rpi::msg::WheelStates>::SharedPtr [01;31m[Kwheel_state_pub[m[K;
      |                                                                 [01;31m[K^~~~~~~~~~~~~~~[m[K
[01m[K/home/jv4k/potamon_ws/src/potamon-rpi/src/potamon_control.cpp:[m[K In constructor â€˜[01m[KPotamonNode::[01;32m[KPotamonNode[m[K()[m[Kâ€™:
[01m[K/home/jv4k/potamon_ws/src/potamon-rpi/src/potamon_control.cpp:42:9:[m[K [01;31m[Kerror: [m[Kâ€˜[01m[Kwheel_state_pub[m[Kâ€™ was not declared in this scope
   42 |         [01;31m[Kwheel_state_pub[m[K = this->create_publisher<potamon_interfaces::msg::WheelStates>(
      |         [01;31m[K^~~~~~~~~~~~~~~[m[K
[01m[K/home/jv4k/potamon_ws/src/potamon-rpi/src/potamon_control.cpp:[m[K In member function â€˜[01m[Kvoid PotamonNode::[01;32m[KcomLoop[m[K()[m[Kâ€™:
[01m[K/home/jv4k/potamon_ws/src/potamon-rpi/src/potamon_control.cpp:158:17:[m[K [01;31m[Kerror: [m[Kâ€˜[01m[Kwheel_state_pub[m[Kâ€™ was not declared in this scope
  158 |                 [01;31m[Kwheel_state_pub[m[K->publish(wh_states_msg);
      |                 [01;31m[K^~~~~~~~~~~~~~~[m[K
gmake[2]: *** [CMakeFiles/potamon_rpi.dir/build.make:76: CMakeFiles/potamon_rpi.dir/src/potamon_control.cpp.o] Error 1
gmake[1]: *** [CMakeFiles/Makefile2:137: CMakeFiles/potamon_rpi.dir/all] Error 2
gmake: *** [Makefile:146: all] Error 2
