[0.018s] Invoking command in '/home/jv4k/potamon_ws/src/build/potamon-rpi': CMAKE_PREFIX_PATH=${CMAKE_PREFIX_PATH}:/opt/ros/jazzy DEBUGINFOD_URLS=https://debuginfod.ubuntu.com /usr/bin/cmake --build /home/jv4k/potamon_ws/src/build/potamon-rpi -- -j12 -l12
[0.131s] [ 50%] [32mBuilding CXX object CMakeFiles/potamon_rpi.dir/src/potamon_control.cpp.o[0m
[3.780s] [01m[K/home/jv4k/potamon_ws/src/potamon-rpi/src/potamon_control.cpp:[m[K In member function â€˜[01m[Kvoid PotamonNode::[01;32m[KcomLoop[m[K()[m[Kâ€™:
[3.780s] [01m[K/home/jv4k/potamon_ws/src/potamon-rpi/src/potamon_control.cpp:223:26:[m[K [01;31m[Kerror: [m[Kno match for â€˜[01m[Koperator&=[m[Kâ€™ (operand types are â€˜[01m[Kptmn_usb_host_t[m[Kâ€™ and â€˜[01m[Kint[m[Kâ€™)
[3.780s]   223 |             [01;31m[Kptm_vcp_host &= 0b11111000[m[K;
[3.780s]       |             [01;31m[K~~~~~~~~~~~~~^~~~~~~~~~~~~[m[K
[10.324s] gmake[2]: *** [CMakeFiles/potamon_rpi.dir/build.make:76: CMakeFiles/potamon_rpi.dir/src/potamon_control.cpp.o] Error 1
[10.325s] gmake[1]: *** [CMakeFiles/Makefile2:137: CMakeFiles/potamon_rpi.dir/all] Error 2
[10.325s] gmake: *** [Makefile:146: all] Error 2
[10.329s] Invoked command in '/home/jv4k/potamon_ws/src/build/potamon-rpi' returned '2': CMAKE_PREFIX_PATH=${CMAKE_PREFIX_PATH}:/opt/ros/jazzy DEBUGINFOD_URLS=https://debuginfod.ubuntu.com /usr/bin/cmake --build /home/jv4k/potamon_ws/src/build/potamon-rpi -- -j12 -l12
