[0.023s] Invoking command in '/home/jv4k/potamon_ws/src/build/potamon-rpi': CMAKE_PREFIX_PATH=${CMAKE_PREFIX_PATH}:/opt/ros/jazzy DEBUGINFOD_URLS=https://debuginfod.ubuntu.com /usr/bin/cmake --build /home/jv4k/potamon_ws/src/build/potamon-rpi -- -j12 -l12
[0.162s] [ 50%] [32mBuilding CXX object CMakeFiles/potamon_rpi.dir/src/potamon_control.cpp.o[0m
[3.812s] [01m[K/home/jv4k/potamon_ws/src/potamon-rpi/src/potamon_control.cpp:[m[K In member function â€˜[01m[Kvoid PotamonNode::[01;32m[KcomLoop[m[K()[m[Kâ€™:
[3.812s] [01m[K/home/jv4k/potamon_ws/src/potamon-rpi/src/potamon_control.cpp:223:26:[m[K [01;31m[Kerror: [m[Kâ€˜[01m[Kstruct ptmn_usb_host_t[m[Kâ€™ has no member named â€˜[01m[KFLAG[m[Kâ€™; did you mean â€˜[01m[KFLAGS[m[Kâ€™?
[3.813s]   223 |             ptm_vcp_host.[01;31m[KFLAG[m[K &= 0b11111000;
[3.813s]       |                          [01;31m[K^~~~[m[K
[3.813s]       |                          [32m[KFLAGS[m[K
[9.716s] gmake[2]: *** [CMakeFiles/potamon_rpi.dir/build.make:76: CMakeFiles/potamon_rpi.dir/src/potamon_control.cpp.o] Error 1
[9.717s] gmake[1]: *** [CMakeFiles/Makefile2:137: CMakeFiles/potamon_rpi.dir/all] Error 2
[9.717s] gmake: *** [Makefile:146: all] Error 2
[9.720s] Invoked command in '/home/jv4k/potamon_ws/src/build/potamon-rpi' returned '2': CMAKE_PREFIX_PATH=${CMAKE_PREFIX_PATH}:/opt/ros/jazzy DEBUGINFOD_URLS=https://debuginfod.ubuntu.com /usr/bin/cmake --build /home/jv4k/potamon_ws/src/build/potamon-rpi -- -j12 -l12
