[01m[K/home/jv4k/potamon_ws/src/potamon-rpi/src/potamon_control.cpp:[m[K In member function â€˜[01m[Kvoid PotamonNode::[01;32m[KcomLoop[m[K()[m[Kâ€™:
[01m[K/home/jv4k/potamon_ws/src/potamon-rpi/src/potamon_control.cpp:163:17:[m[K [01;31m[Kerror: [m[Kâ€˜[01m[Kodom_msg[m[Kâ€™ was not declared in this scope
  163 |                 [01;31m[Kodom_msg[m[K.header.stamp = this->now();
      |                 [01;31m[K^~~~~~~~[m[K
gmake[2]: *** [CMakeFiles/potamon_rpi.dir/build.make:76: CMakeFiles/potamon_rpi.dir/src/potamon_control.cpp.o] Error 1
gmake[1]: *** [CMakeFiles/Makefile2:137: CMakeFiles/potamon_rpi.dir/all] Error 2
gmake: *** [Makefile:146: all] Error 2
